\BOOKMARK [1][-]{section.1}{\376\377\000P\000O\000R\000T\000A\000D\000A}{}% 1
\BOOKMARK [1][-]{section.2}{\376\377\000I\000N\000F\000O\000R\000M\000E\000\040\000D\000E\000\040\000G\000U\000\315\000A\000\040\000P\000R\000\301\000C\000T\000I\000C\000A}{}% 2
\BOOKMARK [2][-]{subsection.2.1}{\376\377\000O\000b\000j\000e\000t\000i\000v\000o\000s}{section.2}% 3
\BOOKMARK [2][-]{subsection.2.2}{\376\377\000M\000o\000d\000a\000l\000i\000d\000a\000d}{section.2}% 4
\BOOKMARK [2][-]{subsection.2.3}{\376\377\000T\000i\000e\000m\000p\000o\000\040\000d\000e\000\040\000d\000u\000r\000a\000c\000i\000\363\000n}{section.2}% 5
\BOOKMARK [2][-]{subsection.2.4}{\376\377\000I\000n\000s\000t\000r\000u\000c\000c\000i\000o\000n\000e\000s}{section.2}% 6
\BOOKMARK [2][-]{subsection.2.5}{\376\377\000L\000i\000s\000t\000a\000d\000o\000\040\000d\000e\000\040\000e\000q\000u\000i\000p\000o\000s\000,\000\040\000m\000a\000t\000e\000r\000i\000a\000l\000e\000s\000\040\000y\000\040\000r\000e\000c\000u\000r\000s\000o\000s}{section.2}% 7
\BOOKMARK [2][-]{subsection.2.6}{\376\377\000A\000c\000t\000i\000v\000i\000d\000a\000d\000e\000s\000\040\000p\000o\000r\000\040\000d\000e\000s\000a\000r\000r\000o\000l\000l\000a\000r}{section.2}% 8
\BOOKMARK [1][-]{section.3}{\376\377\000I\000N\000F\000O\000R\000M\000E\000\040\000T\000\311\000C\000N\000I\000C\000O\000\040\000D\000E\000L\000\040\000P\000R\000O\000Y\000E\000C\000T\000O}{}% 9
\BOOKMARK [2][-]{subsection.3.1}{\376\377\000I\000n\000t\000r\000o\000d\000u\000c\000c\000i\000\363\000n}{section.3}% 10
\BOOKMARK [2][-]{subsection.3.2}{\376\377\000D\000a\000t\000a\000s\000e\000t\000\040\000y\000\040\000F\000u\000e\000n\000t\000e\000\040\000d\000e\000\040\000I\000n\000f\000o\000r\000m\000a\000c\000i\000\363\000n}{section.3}% 11
\BOOKMARK [3][-]{subsubsection.3.2.1}{\376\377\000F\000u\000e\000n\000t\000e\000\040\000d\000e\000\040\000l\000o\000s\000\040\000D\000a\000t\000o\000s}{subsection.3.2}% 12
\BOOKMARK [3][-]{subsubsection.3.2.2}{\376\377\000V\000a\000r\000i\000a\000b\000l\000e\000s\000\040\000C\000o\000n\000s\000i\000d\000e\000r\000a\000d\000a\000s\000\040\000y\000\040\000J\000u\000s\000t\000i\000f\000i\000c\000a\000c\000i\000\363\000n}{subsection.3.2}% 13
\BOOKMARK [3][-]{subsubsection.3.2.3}{\376\377\000E\000s\000t\000r\000u\000c\000t\000u\000r\000a\000\040\000d\000e\000l\000\040\000D\000a\000t\000a\000s\000e\000t\000\040\000H\000i\000s\000t\000\363\000r\000i\000c\000o}{subsection.3.2}% 14
\BOOKMARK [2][-]{subsection.3.3}{\376\377\000V\000a\000r\000i\000a\000b\000l\000e\000s\000\040\000y\000\040\000P\000a\000r\000\341\000m\000e\000t\000r\000o\000s\000\040\000d\000e\000l\000\040\000S\000i\000s\000t\000e\000m\000a\000\040\000D\000i\000f\000u\000s\000o}{section.3}% 15
\BOOKMARK [3][-]{subsubsection.3.3.1}{\376\377\000C\000a\000t\000e\000g\000o\000r\000\355\000a\000s\000\040\000L\000i\000n\000g\000\374\000\355\000s\000t\000i\000c\000a\000s\000\040\000y\000\040\000F\000u\000n\000c\000i\000o\000n\000e\000s\000\040\000d\000e\000\040\000M\000e\000m\000b\000r\000e\000s\000\355\000a}{subsection.3.3}% 16
\BOOKMARK [3][-]{subsubsection.3.3.2}{\376\377\000V\000a\000r\000i\000a\000b\000l\000e\000\040\000d\000e\000\040\000S\000a\000l\000i\000d\000a\000:\000\040\000\315\000n\000d\000i\000c\000e\000\040\000d\000e\000\040\000R\000i\000e\000s\000g\000o}{subsection.3.3}% 17
\BOOKMARK [2][-]{subsection.3.4}{\376\377\000A\000p\000r\000e\000n\000d\000i\000z\000a\000j\000e\000\040\000B\000a\000s\000a\000d\000o\000\040\000e\000n\000\040\000R\000e\000g\000l\000a\000s}{section.3}% 18
\BOOKMARK [3][-]{subsubsection.3.4.1}{\376\377\000A\000l\000g\000o\000r\000i\000t\000m\000o\000\040\000A\000p\000r\000i\000o\000r\000i}{subsection.3.4}% 19
\BOOKMARK [3][-]{subsubsection.3.4.2}{\376\377\000A\000l\000g\000o\000r\000i\000t\000m\000o\000\040\000P\000R\000I\000S\000M}{subsection.3.4}% 20
\BOOKMARK [3][-]{subsubsection.3.4.3}{\376\377\000R\000e\000g\000l\000a\000s\000\040\000D\000i\000f\000u\000s\000a\000s\000\040\000d\000e\000l\000\040\000S\000i\000s\000t\000e\000m\000a\000\040\000M\000a\000m\000d\000a\000n\000i}{subsection.3.4}% 21
\BOOKMARK [3][-]{subsubsection.3.4.4}{\376\377\000P\000r\000o\000c\000e\000s\000o\000\040\000d\000e\000\040\000I\000n\000f\000e\000r\000e\000n\000c\000i\000a\000\040\000M\000a\000m\000d\000a\000n\000i}{subsection.3.4}% 22
\BOOKMARK [2][-]{subsection.3.5}{\376\377\000A\000l\000g\000o\000r\000i\000t\000m\000o\000\040\000G\000e\000n\000\351\000t\000i\000c\000o}{section.3}% 23
\BOOKMARK [3][-]{subsubsection.3.5.1}{\376\377\000M\000o\000t\000i\000v\000a\000c\000i\000\363\000n}{subsection.3.5}% 24
\BOOKMARK [3][-]{subsubsection.3.5.2}{\376\377\000C\000o\000d\000i\000f\000i\000c\000a\000c\000i\000\363\000n\000\040\000d\000e\000l\000\040\000C\000r\000o\000m\000o\000s\000o\000m\000a}{subsection.3.5}% 25
\BOOKMARK [3][-]{subsubsection.3.5.3}{\376\377\000P\000o\000b\000l\000a\000c\000i\000\363\000n\000\040\000I\000n\000i\000c\000i\000a\000l}{subsection.3.5}% 26
\BOOKMARK [3][-]{subsubsection.3.5.4}{\376\377\000F\000u\000n\000c\000i\000\363\000n\000\040\000d\000e\000\040\000F\000i\000t\000n\000e\000s\000s}{subsection.3.5}% 27
\BOOKMARK [3][-]{subsubsection.3.5.5}{\376\377\000S\000e\000l\000e\000c\000c\000i\000\363\000n\000\040\000d\000e\000\040\000P\000a\000d\000r\000e\000s}{subsection.3.5}% 28
\BOOKMARK [3][-]{subsubsection.3.5.6}{\376\377\000C\000r\000u\000c\000e}{subsection.3.5}% 29
\BOOKMARK [3][-]{subsubsection.3.5.7}{\376\377\000M\000u\000t\000a\000c\000i\000\363\000n}{subsection.3.5}% 30
\BOOKMARK [3][-]{subsubsection.3.5.8}{\376\377\000E\000l\000i\000t\000i\000s\000m\000o}{subsection.3.5}% 31
\BOOKMARK [3][-]{subsubsection.3.5.9}{\376\377\000C\000r\000i\000t\000e\000r\000i\000o\000\040\000d\000e\000\040\000P\000a\000r\000a\000d\000a}{subsection.3.5}% 32
\BOOKMARK [2][-]{subsection.3.6}{\376\377\000A\000r\000q\000u\000i\000t\000e\000c\000t\000u\000r\000a\000\040\000d\000e\000l\000\040\000S\000i\000s\000t\000e\000m\000a}{section.3}% 33
\BOOKMARK [3][-]{subsubsection.3.6.1}{\376\377\000V\000i\000s\000i\000\363\000n\000\040\000G\000e\000n\000e\000r\000a\000l}{subsection.3.6}% 34
\BOOKMARK [3][-]{subsubsection.3.6.2}{\376\377\000E\000s\000t\000r\000u\000c\000t\000u\000r\000a\000\040\000d\000e\000l\000\040\000P\000r\000o\000y\000e\000c\000t\000o}{subsection.3.6}% 35
\BOOKMARK [3][-]{subsubsection.3.6.3}{\376\377\000F\000l\000u\000j\000o\000\040\000d\000e\000\040\000P\000r\000o\000c\000e\000s\000a\000m\000i\000e\000n\000t\000o\000\040\000p\000o\000r\000\040\000Z\000o\000n\000a}{subsection.3.6}% 36
\BOOKMARK [3][-]{subsubsection.3.6.4}{\376\377\000C\000o\000n\000f\000i\000g\000u\000r\000a\000c\000i\000\363\000n\000\040\000C\000e\000n\000t\000r\000a\000l\000i\000z\000a\000d\000a}{subsection.3.6}% 37
\BOOKMARK [2][-]{subsection.3.7}{\376\377\000M\000e\000t\000o\000d\000o\000l\000o\000g\000\355\000a\000\040\000d\000e\000\040\000I\000n\000t\000e\000g\000r\000a\000c\000i\000\363\000n}{section.3}% 38
\BOOKMARK [3][-]{subsubsection.3.7.1}{\376\377\000S\000i\000m\000u\000l\000a\000c\000i\000\363\000n\000\040\000M\000o\000n\000t\000e\000\040\000C\000a\000r\000l\000o}{subsection.3.7}% 39
\BOOKMARK [3][-]{subsubsection.3.7.2}{\376\377\000A\000n\000\341\000l\000i\000s\000i\000s\000\040\000d\000e\000\040\000C\000o\000n\000e\000c\000t\000i\000v\000i\000d\000a\000d\000\040\000B\000F\000S}{subsection.3.7}% 40
\BOOKMARK [3][-]{subsubsection.3.7.3}{\376\377\000P\000r\000o\000c\000e\000s\000a\000m\000i\000e\000n\000t\000o\000\040\000G\000e\000o\000g\000r\000\341\000f\000i\000c\000o}{subsection.3.7}% 41
\BOOKMARK [2][-]{subsection.3.8}{\376\377\000A\000n\000\341\000l\000i\000s\000i\000s\000\040\000d\000e\000\040\000R\000e\000s\000u\000l\000t\000a\000d\000o\000s}{section.3}% 42
\BOOKMARK [3][-]{subsubsection.3.8.1}{\376\377\000D\000i\000s\000t\000r\000i\000b\000u\000c\000i\000\363\000n\000\040\000d\000e\000\040\000R\000i\000e\000s\000g\000o\000\040\000p\000o\000r\000\040\000M\000a\000c\000r\000o\000-\000Z\000o\000n\000a}{subsection.3.8}% 43
\BOOKMARK [3][-]{subsubsection.3.8.2}{\376\377\000I\000m\000p\000a\000c\000t\000o\000\040\000d\000e\000l\000\040\000A\000l\000g\000o\000r\000i\000t\000m\000o\000\040\000G\000e\000n\000\351\000t\000i\000c\000o}{subsection.3.8}% 44
\BOOKMARK [3][-]{subsubsection.3.8.3}{\376\377\000C\000o\000h\000e\000r\000e\000n\000c\000i\000a\000\040\000c\000o\000n\000\040\000D\000a\000t\000o\000s\000\040\000H\000i\000s\000t\000\363\000r\000i\000c\000o\000s}{subsection.3.8}% 45
\BOOKMARK [3][-]{subsubsection.3.8.4}{\376\377\000V\000i\000s\000u\000a\000l\000i\000z\000a\000c\000i\000o\000n\000e\000s\000\040\000G\000e\000n\000e\000r\000a\000d\000a\000s}{subsection.3.8}% 46
\BOOKMARK [2][-]{subsection.3.9}{\376\377\000L\000i\000m\000i\000t\000a\000c\000i\000o\000n\000e\000s}{section.3}% 47
\BOOKMARK [2][-]{subsection.3.10}{\376\377\000C\000o\000n\000c\000l\000u\000s\000i\000o\000n\000e\000s}{section.3}% 48
\BOOKMARK [2][-]{subsection.3.11}{\376\377\000R\000e\000c\000o\000m\000e\000n\000d\000a\000c\000i\000o\000n\000e\000s}{section.3}% 49
\BOOKMARK [2][-]{subsection.3.12}{\376\377\000H\000a\000b\000i\000l\000i\000d\000a\000d\000e\000s\000\040\000b\000l\000a\000n\000d\000a\000s\000\040\000e\000m\000p\000l\000e\000a\000d\000a\000s\000\040\000e\000n\000\040\000l\000a\000\040\000p\000r\000\341\000c\000t\000i\000c\000a}{section.3}% 50
\BOOKMARK [1][-]{section.4}{\376\377\000A\000P\000\311\000N\000D\000I\000C\000E\000:\000\040\000D\000I\000A\000G\000R\000A\000M\000A\000S\000\040\000Y\000\040\000E\000S\000Q\000U\000E\000M\000A\000S}{}% 51
\BOOKMARK [2][-]{subsection.4.1}{\376\377\000F\000i\000g\000u\000r\000a\000\040\0001\000:\000\040\000A\000r\000q\000u\000i\000t\000e\000c\000t\000u\000r\000a\000\040\000d\000e\000l\000\040\000S\000i\000s\000t\000e\000m\000a}{section.4}% 52
\BOOKMARK [2][-]{subsection.4.2}{\376\377\000F\000i\000g\000u\000r\000a\000\040\0002\000:\000\040\000F\000l\000u\000j\000o\000\040\000d\000e\000\040\000P\000r\000o\000c\000e\000s\000a\000m\000i\000e\000n\000t\000o\000\040\000p\000o\000r\000\040\000Z\000o\000n\000a}{section.4}% 53
\BOOKMARK [2][-]{subsection.4.3}{\376\377\000R\000e\000f\000e\000r\000e\000n\000c\000i\000a\000s\000\040\000b\000i\000b\000l\000i\000o\000g\000r\000\341\000f\000i\000c\000a\000s}{section.4}% 54
